#
# A fatal error has been detected by the Java Runtime Environment:
#
#  EXCEPTION_ACCESS_VIOLATION (0xc0000005) at pc=0x0000000052984419, pid=4160, tid=6216
#
# JRE version: Java(TM) SE Runtime Environment (7.0_45-b18) (build 1.7.0_45-b18)
# Java VM: Java HotSpot(TM) 64-Bit Server VM (24.45-b08 mixed mode windows-amd64 compressed oops)
# Problematic frame:
# V  [jvm.dll+0x54419]
#
# Failed to write core dump. Minidumps are not enabled by default on client versions of Windows
#
# If you would like to submit a bug report, please visit:
#   http://bugreport.sun.com/bugreport/crash.jsp
#

---------------  T H R E A D  ---------------

Current thread (0x00000000087ad800):  JavaThread "JDWP Transport Listener: dt_socket" daemon [_thread_in_vm, id=6216, stack(0x0000000009ec0000,0x0000000009fc0000)]

siginfo: ExceptionCode=0xc0000005, reading address 0x000000000000000c

Registers:
RAX=0x000000000000000c, RBX=0x00000000087ad800, RCX=0x0000000000000000, RDX=0x0000000000000000
RSP=0x0000000009fbf8f0, RBP=0x000000000000000c, RSI=0x0000000000000000, RDI=0x0000000000000010
R8 =0x00000000eaf23c40, R9 =0x0000000000000000, R10=0x0000000000000000, R11=0x0000000000000001
R12=0x0000000000000000, R13=0x00000000087ba4d8, R14=0x0000000000000000, R15=0x0000000000000000
RIP=0x0000000052984419, EFLAGS=0x0000000000010246

Top of Stack: (sp=0x0000000009fbf8f0)
0x0000000009fbf8f0:   00000000087ad800 0000000000000000
0x0000000009fbf900:   0000000000000000 00000000087ad800
0x0000000009fbf910:   0000000000000000 0000000052a4b2b7
0x0000000009fbf920:   00000000eaf23c40 0000000009fbfa40
0x0000000009fbf930:   00000000087b15f0 0000000009fbfa10
0x0000000009fbf940:   00000000087ad800 0000000000000000
0x0000000009fbf950:   00000000087b15f0 0000000009fbfa40
0x0000000009fbf960:   0000000000000000 00000000087ba4d8
0x0000000009fbf970:   0000000000000000 0000000054fa7d15
0x0000000009fbf980:   0000000009fbfa10 0000000009fbfa40
0x0000000009fbf990:   00000000087b15f0 00000000087ad9e8
0x0000000009fbf9a0:   00000000087f310a 0000000054faf08c
0x0000000009fbf9b0:   0000000008010a01 0000000009fbfab0
0x0000000009fbf9c0:   00000000087ba001 00000000087ba001
0x0000000009fbf9d0:   00000a8400000013 0000000008010a00
0x0000000009fbf9e0:   00000000087b6e90 0000000052afcc7d 

Instructions: (pc=0x0000000052984419)
0x00000000529843f9:   d2 48 8b c5 eb 18 48 8b d0 48 8b c5 48 d3 e2 48
0x0000000052984409:   03 15 a1 74 69 00 eb 06 48 8b 12 48 8b c7 48 98
0x0000000052984419:   8b 14 10 85 d2 74 2a 45 84 db 4c 63 c6 48 0f 45
0x0000000052984429:   fd 8d 47 0b 48 63 c8 48 83 e1 f8 48 c1 e9 03 8d 


Register to memory mapping:

RAX=0x000000000000000c is an unknown value
RBX=0x00000000087ad800 is a thread
RCX=0x0000000000000000 is an unknown value
RDX=0x0000000000000000 is an unknown value
RSP=0x0000000009fbf8f0 is pointing into the stack for thread: 0x00000000087ad800
RBP=0x000000000000000c is an unknown value
RSI=0x0000000000000000 is an unknown value
RDI=0x0000000000000010 is an unknown value
R8 =0x00000000eaf23c40 is an oop
java.lang.String 
 - klass: 'java/lang/String'
R9 =0x0000000000000000 is an unknown value
R10=0x0000000000000000 is an unknown value
R11=0x0000000000000001 is an unknown value
R12=0x0000000000000000 is an unknown value
R13=0x00000000087ba4d8 is an unknown value
R14=0x0000000000000000 is an unknown value
R15=0x0000000000000000 is an unknown value


Stack: [0x0000000009ec0000,0x0000000009fc0000],  sp=0x0000000009fbf8f0,  free space=1022k
Native frames: (J=compiled Java code, j=interpreted, Vv=VM code, C=native code)
V  [jvm.dll+0x54419]


---------------  P R O C E S S  ---------------

Java Threads: ( => current thread )
  0x00000000087e0000 JavaThread "Service Thread" daemon [_thread_blocked, id=11324, stack(0x000000000a3c0000,0x000000000a4c0000)]
  0x00000000087d0800 JavaThread "C2 CompilerThread1" daemon [_thread_blocked, id=820, stack(0x000000000a2c0000,0x000000000a3c0000)]
  0x00000000087cf800 JavaThread "C2 CompilerThread0" daemon [_thread_blocked, id=1596, stack(0x000000000a1c0000,0x000000000a2c0000)]
  0x00000000087c2000 JavaThread "JDWP Command Reader" daemon [_thread_in_native, id=6524, stack(0x000000000a0c0000,0x000000000a1c0000)]
  0x00000000087be000 JavaThread "JDWP Event Helper Thread" daemon [_thread_blocked, id=7852, stack(0x0000000009fc0000,0x000000000a0c0000)]
=>0x00000000087ad800 JavaThread "JDWP Transport Listener: dt_socket" daemon [_thread_in_vm, id=6216, stack(0x0000000009ec0000,0x0000000009fc0000)]
  0x00000000087a6800 JavaThread "Attach Listener" daemon [_thread_blocked, id=3972, stack(0x0000000009c10000,0x0000000009d10000)]
  0x00000000087a5800 JavaThread "Signal Dispatcher" daemon [_thread_blocked, id=4272, stack(0x0000000009b10000,0x0000000009c10000)]
  0x000000000875f000 JavaThread "Finalizer" daemon [_thread_blocked, id=4232, stack(0x0000000009a10000,0x0000000009b10000)]
  0x0000000008754000 JavaThread "Reference Handler" daemon [_thread_blocked, id=9940, stack(0x0000000009910000,0x0000000009a10000)]
  0x0000000002842800 JavaThread "main" [_thread_blocked, id=7228, stack(0x0000000002740000,0x0000000002840000)]

Other Threads:
  0x0000000008752000 VMThread [stack: 0x0000000009810000,0x0000000009910000] [id=7104]
  0x00000000087e8800 WatcherThread [stack: 0x000000000a4c0000,0x000000000a5c0000] [id=7816]

VM state:not at safepoint (normal execution)

VM Mutex/Monitor currently owned by a thread: None

Heap
 PSYoungGen      total 19456K, used 1014K [0x00000000eae80000, 0x00000000ec400000, 0x0000000100000000)
  eden space 16896K, 6% used [0x00000000eae80000,0x00000000eaf7d850,0x00000000ebf00000)
  from space 2560K, 0% used [0x00000000ec180000,0x00000000ec180000,0x00000000ec400000)
  to   space 2560K, 0% used [0x00000000ebf00000,0x00000000ebf00000,0x00000000ec180000)
 ParOldGen       total 43008K, used 0K [0x00000000c0c00000, 0x00000000c3600000, 0x00000000eae80000)
  object space 43008K, 0% used [0x00000000c0c00000,0x00000000c0c00000,0x00000000c3600000)
 PSPermGen       total 21504K, used 2538K [0x00000000bba00000, 0x00000000bcf00000, 0x00000000c0c00000)
  object space 21504K, 11% used [0x00000000bba00000,0x00000000bbc7ab48,0x00000000bcf00000)

Card table byte_map: [0x0000000005a00000,0x0000000005c30000] byte_map_base: 0x0000000005423000

Polling page: 0x0000000000b90000

Code Cache  [0x0000000002940000, 0x0000000002bb0000, 0x0000000005940000)
 total_blobs=178 nmethods=1 adapters=138 free_code_cache=48770Kb largest_free_block=49923776

Compilation events (2 events):
Event: 0.237 Thread 0x00000000087cf800    1             java.lang.String::charAt (29 bytes)
Event: 0.243 Thread 0x00000000087cf800 nmethod 1 0x00000000029a0590 code [0x00000000029a06e0, 0x00000000029a07b8]

GC Heap History (0 events):
No events

Deoptimization events (0 events):
No events

Internal exceptions (3 events):
Event: 0.036 Thread 0x0000000002842800 Threw 0x00000000eae90770 at C:\re\jdk7u45\229\hotspot\src\share\vm\prims\jni.cpp:3991
Event: 0.232 Thread 0x0000000002842800 Threw 0x00000000eaf1c598 at C:\re\jdk7u45\229\hotspot\src\share\vm\prims\jvm.cpp:1244
Event: 0.241 Thread 0x0000000002842800 Threw 0x00000000eaf22a10 at C:\re\jdk7u45\229\hotspot\src\share\vm\prims\jvm.cpp:1244

Events (10 events):
Event: 27.743 Executing VM operation: GetCurrentLocation
Event: 27.743 Executing VM operation: GetCurrentLocation done
Event: 27.743 Executing VM operation: ChangeSingleStep
Event: 27.743 Executing VM operation: ChangeSingleStep done
Event: 27.744 Executing VM operation: ChangeSingleStep
Event: 27.744 Executing VM operation: ChangeSingleStep done
Event: 27.770 Executing VM operation: GetOrSetLocal
Event: 27.770 Executing VM operation: GetOrSetLocal done
Event: 27.936 Executing VM operation: GetOrSetLocal
Event: 27.936 Executing VM operation: GetOrSetLocal done


Dynamic libraries:
0x000007f639e40000 - 0x000007f639e73000 	D:\MyEclipse\system\binary\com.sun.java.jdk7.win32.x86_64_1.7.0.u45\bin\javaw.exe
0x000007fb8de50000 - 0x000007fb8e00e000 	C:\windows\SYSTEM32\ntdll.dll
0x000007fb8c080000 - 0x000007fb8c1b7000 	C:\windows\system32\KERNEL32.DLL
0x000007fb8b080000 - 0x000007fb8b174000 	C:\windows\system32\KERNELBASE.dll
0x000007fb8b230000 - 0x000007fb8b30e000 	C:\windows\system32\ADVAPI32.dll
0x000007fb8b580000 - 0x000007fb8b6cc000 	C:\windows\system32\USER32.dll
0x000007fb889e0000 - 0x000007fb88c4a000 	C:\windows\WinSxS\amd64_microsoft.windows.common-controls_6595b64144ccf1df_6.0.9200.16579_none_418ab7ef718b27ef\COMCTL32.dll
0x000007fb8b350000 - 0x000007fb8b3f5000 	C:\windows\system32\msvcrt.dll
0x000007fb8b950000 - 0x000007fb8b998000 	C:\windows\SYSTEM32\sechost.dll
0x000007fb8bb30000 - 0x000007fb8bc75000 	C:\windows\system32\RPCRT4.dll
0x000007fb8b6d0000 - 0x000007fb8b811000 	C:\windows\system32\GDI32.dll
0x000007fb8b310000 - 0x000007fb8b349000 	C:\windows\system32\IMM32.DLL
0x000007fb8b820000 - 0x000007fb8b936000 	C:\windows\system32\MSCTF.dll
0x0000000053100000 - 0x00000000531d2000 	D:\MyEclipse\system\binary\com.sun.java.jdk7.win32.x86_64_1.7.0.u45\jre\bin\msvcr100.dll
0x0000000052930000 - 0x00000000530f9000 	D:\MyEclipse\system\binary\com.sun.java.jdk7.win32.x86_64_1.7.0.u45\jre\bin\server\jvm.dll
0x000007fb7bb70000 - 0x000007fb7bb79000 	C:\windows\SYSTEM32\WSOCK32.dll
0x000007fb87da0000 - 0x000007fb87dc0000 	C:\windows\SYSTEM32\WINMM.dll
0x000007fb8c370000 - 0x000007fb8c377000 	C:\windows\system32\PSAPI.DLL
0x000007fb8bad0000 - 0x000007fb8bb28000 	C:\windows\system32\WS2_32.dll
0x000007fb87c40000 - 0x000007fb87c73000 	C:\windows\SYSTEM32\WINMMBASE.dll
0x000007fb8b940000 - 0x000007fb8b949000 	C:\windows\system32\NSI.dll
0x000007fb8b030000 - 0x000007fb8b07f000 	C:\windows\SYSTEM32\cfgmgr32.dll
0x000007fb8b000000 - 0x000007fb8b022000 	C:\windows\system32\DEVOBJ.dll
0x0000000055ec0000 - 0x0000000055ecf000 	D:\MyEclipse\system\binary\com.sun.java.jdk7.win32.x86_64_1.7.0.u45\jre\bin\verify.dll
0x00000000557f0000 - 0x0000000055818000 	D:\MyEclipse\system\binary\com.sun.java.jdk7.win32.x86_64_1.7.0.u45\jre\bin\java.dll
0x0000000054fa0000 - 0x0000000054fd5000 	D:\MyEclipse\system\binary\com.sun.java.jdk7.win32.x86_64_1.7.0.u45\jre\bin\jdwp.dll
0x00000000559e0000 - 0x00000000559e8000 	D:\MyEclipse\system\binary\com.sun.java.jdk7.win32.x86_64_1.7.0.u45\jre\bin\npt.dll
0x0000000055260000 - 0x0000000055275000 	D:\MyEclipse\system\binary\com.sun.java.jdk7.win32.x86_64_1.7.0.u45\jre\bin\zip.dll
0x00000000558e0000 - 0x00000000558e9000 	D:\MyEclipse\system\binary\com.sun.java.jdk7.win32.x86_64_1.7.0.u45\jre\bin\dt_socket.dll
0x000007fb821f0000 - 0x000007fb82204000 	C:\windows\system32\napinsp.dll
0x000007fb82250000 - 0x000007fb82268000 	C:\windows\system32\pnrpnsp.dll
0x000007fb896d0000 - 0x000007fb896e6000 	C:\windows\system32\NLAapi.dll
0x000007fb8a520000 - 0x000007fb8a57c000 	C:\windows\System32\mswsock.dll
0x000007fb8a360000 - 0x000007fb8a3f8000 	C:\windows\SYSTEM32\DNSAPI.dll
0x000007fb822b0000 - 0x000007fb822c2000 	C:\windows\System32\winrnr.dll
0x000007fb87440000 - 0x000007fb874a1000 	C:\windows\System32\fwpuclnt.dll
0x000007fb821e0000 - 0x000007fb821e8000 	C:\Windows\System32\rasadhlp.dll
0x000007fb7c320000 - 0x000007fb7c483000 	C:\windows\SYSTEM32\dbghelp.dll

VM Arguments:
jvm_args: -agentlib:jdwp=transport=dt_socket,suspend=y,address=localhost:59554 -Dfile.encoding=GBK 
java_command: perm.MainClass
Launcher Type: SUN_STANDARD

Environment Variables:
PATH=D:\MyEclipse\system\binary\com.sun.java.jdk7.win32.x86_64_1.7.0.u45\jre\bin;C:\Program Files (x86)\NVIDIA Corporation\PhysX\Common;C:\Program Files (x86)\Intel\iCLS Client\;C:\Program Files\Intel\iCLS Client\;C:\windows\system32;C:\windows;C:\windows\System32\Wbem;C:\windows\System32\WindowsPowerShell\v1.0\;C:\Program Files\Intel\Intel(R) Management Engine Components\DAL;C:\Program Files\Intel\Intel(R) Management Engine Components\IPT;C:\Program Files (x86)\Intel\Intel(R) Management Engine Components\DAL;C:\Program Files (x86)\Intel\Intel(R) Management Engine Components\IPT;C:\Program Files (x86)\Windows Kits\8.1\Windows Performance Toolkit\;C:\Program Files\Microsoft SQL Server\110\Tools\Binn\;F:\南京大学\编程\MinGW\MinGW\bin;F:\南京大学\编程\Java\bin;
USERNAME=lenovo
OS=Windows_NT
PROCESSOR_IDENTIFIER=Intel64 Family 6 Model 58 Stepping 9, GenuineIntel



---------------  S Y S T E M  ---------------

OS: Windows 8 , 64 bit Build 9200 

CPU:total 4 (2 cores per cpu, 2 threads per core) family 6 model 58 stepping 9, cmov, cx8, fxsr, mmx, sse, sse2, sse3, ssse3, sse4.1, sse4.2, popcnt, avx, aes, erms, ht, tsc, tscinvbit, tscinv

Memory: 4k page, physical 4140312k(1384404k free), swap 7023896k(2903420k free)

vm_info: Java HotSpot(TM) 64-Bit Server VM (24.45-b08) for windows-amd64 JRE (1.7.0_45-b18), built on Oct  8 2013 05:47:22 by "java_re" with unknown MS VC++:1600

time: Sat Sep 06 14:24:33 2014
elapsed time: 28 seconds

