#
# A fatal error has been detected by the Java Runtime Environment:
#
#  EXCEPTION_ACCESS_VIOLATION (0xc0000005) at pc=0x0000000052984419, pid=11996, tid=7880
#
# JRE version: Java(TM) SE Runtime Environment (7.0_45-b18) (build 1.7.0_45-b18)
# Java VM: Java HotSpot(TM) 64-Bit Server VM (24.45-b08 mixed mode windows-amd64 compressed oops)
# Problematic frame:
# V  [jvm.dll+0x54419]
#
# Failed to write core dump. Minidumps are not enabled by default on client versions of Windows
#
# If you would like to submit a bug report, please visit:
#   http://bugreport.sun.com/bugreport/crash.jsp
#

---------------  T H R E A D  ---------------

Current thread (0x0000000008b2c800):  JavaThread "JDWP Transport Listener: dt_socket" daemon [_thread_in_vm, id=7880, stack(0x000000000a200000,0x000000000a300000)]

siginfo: ExceptionCode=0xc0000005, reading address 0x000000000000000c

Registers:
RAX=0x000000000000000c, RBX=0x0000000008b2c800, RCX=0x0000000000000000, RDX=0x0000000000000000
RSP=0x000000000a2ff080, RBP=0x000000000000000c, RSI=0x0000000000000000, RDI=0x0000000000000010
R8 =0x00000000eaf23c60, R9 =0x0000000000000000, R10=0x0000000000000000, R11=0x0000000000000001
R12=0x0000000000000000, R13=0x0000000008b38d98, R14=0x0000000000000000, R15=0x0000000000000000
RIP=0x0000000052984419, EFLAGS=0x0000000000010246

Top of Stack: (sp=0x000000000a2ff080)
0x000000000a2ff080:   0000000008b2c800 0000000000000000
0x000000000a2ff090:   0000000000000000 0000000008b2c800
0x000000000a2ff0a0:   0000000000000000 0000000052a4b2b7
0x000000000a2ff0b0:   00000000eaf23c60 000000000a2ff1d0
0x000000000a2ff0c0:   0000000008b51c40 000000000a2ff1a0
0x000000000a2ff0d0:   0000000008b2c800 0000000000000000
0x000000000a2ff0e0:   0000000008b51c40 000000000a2ff1d0
0x000000000a2ff0f0:   0000000000000000 0000000008b38d98
0x000000000a2ff100:   0000000000000000 0000000054fa7d15
0x000000000a2ff110:   000000000a2ff1a0 000000000a2ff1d0
0x000000000a2ff120:   0000000008b51c40 0000000008b2c9e8
0x000000000a2ff130:   0000000008b7160a 0000000054faf08c
0x000000000a2ff140:   0000000008010a01 000000000a2ff240
0x000000000a2ff150:   0000000008b38901 0000000008b38901
0x000000000a2ff160:   00000e6300000013 0000000008010a00
0x000000000a2ff170:   0000000008b35db0 0000000052afcc7d 

Instructions: (pc=0x0000000052984419)
0x00000000529843f9:   d2 48 8b c5 eb 18 48 8b d0 48 8b c5 48 d3 e2 48
0x0000000052984409:   03 15 a1 74 69 00 eb 06 48 8b 12 48 8b c7 48 98
0x0000000052984419:   8b 14 10 85 d2 74 2a 45 84 db 4c 63 c6 48 0f 45
0x0000000052984429:   fd 8d 47 0b 48 63 c8 48 83 e1 f8 48 c1 e9 03 8d 


Register to memory mapping:

RAX=0x000000000000000c is an unknown value
RBX=0x0000000008b2c800 is a thread
RCX=0x0000000000000000 is an unknown value
RDX=0x0000000000000000 is an unknown value
RSP=0x000000000a2ff080 is pointing into the stack for thread: 0x0000000008b2c800
RBP=0x000000000000000c is an unknown value
RSI=0x0000000000000000 is an unknown value
RDI=0x0000000000000010 is an unknown value
R8 =0x00000000eaf23c60 is an oop
java.lang.String 
 - klass: 'java/lang/String'
R9 =0x0000000000000000 is an unknown value
R10=0x0000000000000000 is an unknown value
R11=0x0000000000000001 is an unknown value
R12=0x0000000000000000 is an unknown value
R13=0x0000000008b38d98 is an unknown value
R14=0x0000000000000000 is an unknown value
R15=0x0000000000000000 is an unknown value


Stack: [0x000000000a200000,0x000000000a300000],  sp=0x000000000a2ff080,  free space=1020k
Native frames: (J=compiled Java code, j=interpreted, Vv=VM code, C=native code)
V  [jvm.dll+0x54419]


---------------  P R O C E S S  ---------------

Java Threads: ( => current thread )
  0x0000000008b56000 JavaThread "Service Thread" daemon [_thread_blocked, id=1932, stack(0x000000000a700000,0x000000000a800000)]
  0x0000000008b50000 JavaThread "C2 CompilerThread1" daemon [_thread_blocked, id=8980, stack(0x000000000a600000,0x000000000a700000)]
  0x0000000008b4f800 JavaThread "C2 CompilerThread0" daemon [_thread_blocked, id=9488, stack(0x000000000a500000,0x000000000a600000)]
  0x0000000008b40800 JavaThread "JDWP Command Reader" daemon [_thread_in_native, id=1280, stack(0x000000000a400000,0x000000000a500000)]
  0x0000000008b3d800 JavaThread "JDWP Event Helper Thread" daemon [_thread_blocked, id=8284, stack(0x000000000a300000,0x000000000a400000)]
=>0x0000000008b2c800 JavaThread "JDWP Transport Listener: dt_socket" daemon [_thread_in_vm, id=7880, stack(0x000000000a200000,0x000000000a300000)]
  0x0000000008b25800 JavaThread "Attach Listener" daemon [_thread_blocked, id=2800, stack(0x0000000009f80000,0x000000000a080000)]
  0x0000000008b24000 JavaThread "Signal Dispatcher" daemon [_thread_blocked, id=9044, stack(0x0000000009e80000,0x0000000009f80000)]
  0x0000000008add800 JavaThread "Finalizer" daemon [_thread_blocked, id=1640, stack(0x0000000009d80000,0x0000000009e80000)]
  0x0000000008ad2800 JavaThread "Reference Handler" daemon [_thread_blocked, id=10964, stack(0x0000000009c80000,0x0000000009d80000)]
  0x0000000002be2800 JavaThread "main" [_thread_blocked, id=6480, stack(0x00000000029f0000,0x0000000002af0000)]

Other Threads:
  0x0000000008ad0800 VMThread [stack: 0x0000000009b80000,0x0000000009c80000] [id=11000]
  0x0000000008b6f000 WatcherThread [stack: 0x000000000a800000,0x000000000a900000] [id=9096]

VM state:not at safepoint (normal execution)

VM Mutex/Monitor currently owned by a thread: None

Heap
 PSYoungGen      total 19456K, used 1014K [0x00000000eae80000, 0x00000000ec400000, 0x0000000100000000)
  eden space 16896K, 6% used [0x00000000eae80000,0x00000000eaf7d850,0x00000000ebf00000)
  from space 2560K, 0% used [0x00000000ec180000,0x00000000ec180000,0x00000000ec400000)
  to   space 2560K, 0% used [0x00000000ebf00000,0x00000000ebf00000,0x00000000ec180000)
 ParOldGen       total 43008K, used 0K [0x00000000c0c00000, 0x00000000c3600000, 0x00000000eae80000)
  object space 43008K, 0% used [0x00000000c0c00000,0x00000000c0c00000,0x00000000c3600000)
 PSPermGen       total 21504K, used 2538K [0x00000000bba00000, 0x00000000bcf00000, 0x00000000c0c00000)
  object space 21504K, 11% used [0x00000000bba00000,0x00000000bbc7ab88,0x00000000bcf00000)

Card table byte_map: [0x0000000005da0000,0x0000000005fd0000] byte_map_base: 0x00000000057c3000

Polling page: 0x0000000002af0000

Code Cache  [0x0000000002ce0000, 0x0000000002f50000, 0x0000000005ce0000)
 total_blobs=178 nmethods=1 adapters=138 free_code_cache=48770Kb largest_free_block=49923776

Compilation events (2 events):
Event: 0.224 Thread 0x0000000008b4f800    1             java.lang.String::charAt (29 bytes)
Event: 0.229 Thread 0x0000000008b4f800 nmethod 1 0x0000000002d40590 code [0x0000000002d406e0, 0x0000000002d407b8]

GC Heap History (0 events):
No events

Deoptimization events (0 events):
No events

Internal exceptions (3 events):
Event: 0.035 Thread 0x0000000002be2800 Threw 0x00000000eae90770 at C:\re\jdk7u45\229\hotspot\src\share\vm\prims\jni.cpp:3991
Event: 0.220 Thread 0x0000000002be2800 Threw 0x00000000eaf1c598 at C:\re\jdk7u45\229\hotspot\src\share\vm\prims\jvm.cpp:1244
Event: 0.227 Thread 0x0000000002be2800 Threw 0x00000000eaf22a10 at C:\re\jdk7u45\229\hotspot\src\share\vm\prims\jvm.cpp:1244

Events (10 events):
Event: 12.996 Executing VM operation: GetCurrentLocation
Event: 12.996 Executing VM operation: GetCurrentLocation done
Event: 12.996 Executing VM operation: ChangeSingleStep
Event: 12.996 Executing VM operation: ChangeSingleStep done
Event: 13.003 Executing VM operation: ChangeSingleStep
Event: 13.003 Executing VM operation: ChangeSingleStep done
Event: 13.027 Executing VM operation: GetOrSetLocal
Event: 13.027 Executing VM operation: GetOrSetLocal done
Event: 13.114 Executing VM operation: GetOrSetLocal
Event: 13.114 Executing VM operation: GetOrSetLocal done


Dynamic libraries:
0x000007f639e40000 - 0x000007f639e73000 	D:\MyEclipse\system\binary\com.sun.java.jdk7.win32.x86_64_1.7.0.u45\bin\javaw.exe
0x000007fb8de50000 - 0x000007fb8e00e000 	C:\windows\SYSTEM32\ntdll.dll
0x000007fb8c080000 - 0x000007fb8c1b7000 	C:\windows\system32\KERNEL32.DLL
0x000007fb8b080000 - 0x000007fb8b174000 	C:\windows\system32\KERNELBASE.dll
0x000007fb8b230000 - 0x000007fb8b30e000 	C:\windows\system32\ADVAPI32.dll
0x000007fb8b580000 - 0x000007fb8b6cc000 	C:\windows\system32\USER32.dll
0x000007fb889e0000 - 0x000007fb88c4a000 	C:\windows\WinSxS\amd64_microsoft.windows.common-controls_6595b64144ccf1df_6.0.9200.16579_none_418ab7ef718b27ef\COMCTL32.dll
0x000007fb8b350000 - 0x000007fb8b3f5000 	C:\windows\system32\msvcrt.dll
0x000007fb8b950000 - 0x000007fb8b998000 	C:\windows\SYSTEM32\sechost.dll
0x000007fb8bb30000 - 0x000007fb8bc75000 	C:\windows\system32\RPCRT4.dll
0x000007fb8b6d0000 - 0x000007fb8b811000 	C:\windows\system32\GDI32.dll
0x000007fb8b310000 - 0x000007fb8b349000 	C:\windows\system32\IMM32.DLL
0x000007fb8b820000 - 0x000007fb8b936000 	C:\windows\system32\MSCTF.dll
0x0000000053100000 - 0x00000000531d2000 	D:\MyEclipse\system\binary\com.sun.java.jdk7.win32.x86_64_1.7.0.u45\jre\bin\msvcr100.dll
0x0000000052930000 - 0x00000000530f9000 	D:\MyEclipse\system\binary\com.sun.java.jdk7.win32.x86_64_1.7.0.u45\jre\bin\server\jvm.dll
0x000007fb7bb70000 - 0x000007fb7bb79000 	C:\windows\SYSTEM32\WSOCK32.dll
0x000007fb87da0000 - 0x000007fb87dc0000 	C:\windows\SYSTEM32\WINMM.dll
0x000007fb8c370000 - 0x000007fb8c377000 	C:\windows\system32\PSAPI.DLL
0x000007fb8bad0000 - 0x000007fb8bb28000 	C:\windows\system32\WS2_32.dll
0x000007fb87c40000 - 0x000007fb87c73000 	C:\windows\SYSTEM32\WINMMBASE.dll
0x000007fb8b940000 - 0x000007fb8b949000 	C:\windows\system32\NSI.dll
0x000007fb8b030000 - 0x000007fb8b07f000 	C:\windows\SYSTEM32\cfgmgr32.dll
0x000007fb8b000000 - 0x000007fb8b022000 	C:\windows\system32\DEVOBJ.dll
0x0000000055ec0000 - 0x0000000055ecf000 	D:\MyEclipse\system\binary\com.sun.java.jdk7.win32.x86_64_1.7.0.u45\jre\bin\verify.dll
0x00000000557f0000 - 0x0000000055818000 	D:\MyEclipse\system\binary\com.sun.java.jdk7.win32.x86_64_1.7.0.u45\jre\bin\java.dll
0x0000000054fa0000 - 0x0000000054fd5000 	D:\MyEclipse\system\binary\com.sun.java.jdk7.win32.x86_64_1.7.0.u45\jre\bin\jdwp.dll
0x00000000559e0000 - 0x00000000559e8000 	D:\MyEclipse\system\binary\com.sun.java.jdk7.win32.x86_64_1.7.0.u45\jre\bin\npt.dll
0x0000000055260000 - 0x0000000055275000 	D:\MyEclipse\system\binary\com.sun.java.jdk7.win32.x86_64_1.7.0.u45\jre\bin\zip.dll
0x00000000558e0000 - 0x00000000558e9000 	D:\MyEclipse\system\binary\com.sun.java.jdk7.win32.x86_64_1.7.0.u45\jre\bin\dt_socket.dll
0x000007fb821f0000 - 0x000007fb82204000 	C:\windows\system32\napinsp.dll
0x000007fb82250000 - 0x000007fb82268000 	C:\windows\system32\pnrpnsp.dll
0x000007fb896d0000 - 0x000007fb896e6000 	C:\windows\system32\NLAapi.dll
0x000007fb8a520000 - 0x000007fb8a57c000 	C:\windows\System32\mswsock.dll
0x000007fb8a360000 - 0x000007fb8a3f8000 	C:\windows\SYSTEM32\DNSAPI.dll
0x000007fb822b0000 - 0x000007fb822c2000 	C:\windows\System32\winrnr.dll
0x000007fb87440000 - 0x000007fb874a1000 	C:\windows\System32\fwpuclnt.dll
0x000007fb821e0000 - 0x000007fb821e8000 	C:\Windows\System32\rasadhlp.dll
0x000007fb7c320000 - 0x000007fb7c483000 	C:\windows\SYSTEM32\dbghelp.dll

VM Arguments:
jvm_args: -agentlib:jdwp=transport=dt_socket,suspend=y,address=localhost:59616 -Dfile.encoding=GBK 
java_command: perm.MainClass
Launcher Type: SUN_STANDARD

Environment Variables:
PATH=D:\MyEclipse\system\binary\com.sun.java.jdk7.win32.x86_64_1.7.0.u45\jre\bin;C:\Program Files (x86)\NVIDIA Corporation\PhysX\Common;C:\Program Files (x86)\Intel\iCLS Client\;C:\Program Files\Intel\iCLS Client\;C:\windows\system32;C:\windows;C:\windows\System32\Wbem;C:\windows\System32\WindowsPowerShell\v1.0\;C:\Program Files\Intel\Intel(R) Management Engine Components\DAL;C:\Program Files\Intel\Intel(R) Management Engine Components\IPT;C:\Program Files (x86)\Intel\Intel(R) Management Engine Components\DAL;C:\Program Files (x86)\Intel\Intel(R) Management Engine Components\IPT;C:\Program Files (x86)\Windows Kits\8.1\Windows Performance Toolkit\;C:\Program Files\Microsoft SQL Server\110\Tools\Binn\;F:\南京大学\编程\MinGW\MinGW\bin;F:\南京大学\编程\Java\bin;
USERNAME=lenovo
OS=Windows_NT
PROCESSOR_IDENTIFIER=Intel64 Family 6 Model 58 Stepping 9, GenuineIntel



---------------  S Y S T E M  ---------------

OS: Windows 8 , 64 bit Build 9200 

CPU:total 4 (2 cores per cpu, 2 threads per core) family 6 model 58 stepping 9, cmov, cx8, fxsr, mmx, sse, sse2, sse3, ssse3, sse4.1, sse4.2, popcnt, avx, aes, erms, ht, tsc, tscinvbit, tscinv

Memory: 4k page, physical 4140312k(1369932k free), swap 7023896k(2937784k free)

vm_info: Java HotSpot(TM) 64-Bit Server VM (24.45-b08) for windows-amd64 JRE (1.7.0_45-b18), built on Oct  8 2013 05:47:22 by "java_re" with unknown MS VC++:1600

time: Sat Sep 06 14:28:08 2014
elapsed time: 13 seconds

